<?xml version="1.0" encoding="UTF-8"?>
<!-- Generated by org.testng.reporters.JUnitReportReporter -->
<testsuite hostname="DESKTOP-IU4O7BV" failures="0" tests="5" name="testRunner.Flights_functions_Runner" time="34.736" errors="0" timestamp="2024-03-27T15:59:10 IST" skipped="0">
  <testcase classname="testRunner.Flights_functions_Runner" name="runScenario" time="5.965"/>
  <system-out/>
  <testcase classname="testRunner.Flights_functions_Runner" name="runScenario" time="5.568"/>
  <system-out/>
  <testcase classname="testRunner.Flights_functions_Runner" name="runScenario" time="9.557"/>
  <system-out/>
  <testcase classname="testRunner.Flights_functions_Runner" name="runScenario" time="8.066"/>
  <system-out/>
  <testcase classname="testRunner.Flights_functions_Runner" name="runScenario" time="5.580"/>
  <system-out/>
</testsuite> <!-- testRunner.Flights_functions_Runner -->
